.\AnalysisPlatform.bat
.\babel.cfg
.\clear_old_logs.bat
.\config.py
.\error.html
.\format.bat
.\LICENSE.md
.\main.py
.\package.json
.\pyper.py
.\pyproject.toml
.\README.md
.\RELEASE.md
.\start.exe
.\startup.ini
.\start_ap.bat
.\VERSION
.\about\Endroll.md
.\about\terms_of_use_en.md
.\about\terms_of_use_jp.md
.\ap\__init__.py
.\ap\aggregate_plot\controllers.py
.\ap\aggregate_plot\__init__.py
.\ap\aggregate_plot\services\utils.py
.\ap\aggregate_plot\services\__init__.py
.\ap\analyze\controllers.py
.\ap\analyze\__init__.py
.\ap\analyze\services\sensor_list.py
.\ap\analyze\services\__init__.py
.\ap\api\__init__.py
.\ap\api\aggregate_plot\controllers.py
.\ap\api\aggregate_plot\services.py
.\ap\api\aggregate_plot\__init__.py
.\ap\api\analyze\controllers.py
.\ap\api\analyze\__init__.py
.\ap\api\analyze\services\pca.py
.\ap\api\analyze\services\__init__.py
.\ap\api\categorical_plot\controllers.py
.\ap\api\categorical_plot\services.py
.\ap\api\common\controlllers.py
.\ap\api\common\services\plot_view.py
.\ap\api\common\services\services.py
.\ap\api\common\services\show_graph_database.py
.\ap\api\common\services\show_graph_jump_function.py
.\ap\api\common\services\show_graph_services.py
.\ap\api\common\services\sql_generator.py
.\ap\api\common\services\utils.py
.\ap\api\common\services\__init__.py
.\ap\api\co_occurrence\controllers.py
.\ap\api\co_occurrence\services.py
.\ap\api\efa\services\etl.py
.\ap\api\efa\services\__init__.py
.\ap\api\external_api\controllers.py
.\ap\api\external_api\services.py
.\ap\api\graphical_lasso\controllers.py
.\ap\api\graphical_lasso\services.py
.\ap\api\graphical_lasso\__init__.py
.\ap\api\heatmap\controllers.py
.\ap\api\heatmap\services.py
.\ap\api\heatmap\__init__.py
.\ap\api\multi_scatter_plot\controllers.py
.\ap\api\multi_scatter_plot\services.py
.\ap\api\parallel_plot\controllers.py
.\ap\api\parallel_plot\services.py
.\ap\api\ridgeline_plot\controllers.py
.\ap\api\ridgeline_plot\services.py
.\ap\api\sankey_plot\controllers.py
.\ap\api\sankey_plot\services.py
.\ap\api\sankey_plot\sankey_glasso\glasso.py
.\ap\api\sankey_plot\sankey_glasso\grplasso.py
.\ap\api\sankey_plot\sankey_glasso\sankey_services.py
.\ap\api\scatter_plot\controllers.py
.\ap\api\scatter_plot\services.py
.\ap\api\setting_module\controllers.py
.\ap\api\setting_module\__init__.py
.\ap\api\setting_module\services\autolink.py
.\ap\api\setting_module\services\common.py
.\ap\api\setting_module\services\csv_import.py
.\ap\api\setting_module\services\data_import.py
.\ap\api\setting_module\services\factory_import.py
.\ap\api\setting_module\services\filter_settings.py
.\ap\api\setting_module\services\polling_frequency.py
.\ap\api\setting_module\services\process_delete.py
.\ap\api\setting_module\services\save_load_user_setting.py
.\ap\api\setting_module\services\show_latest_record.py
.\ap\api\setting_module\services\shutdown_app.py
.\ap\api\setting_module\services\v2_etl_services.py
.\ap\api\setting_module\services\__init__.py
.\ap\api\table_viewer\controllers.py
.\ap\api\trace_data\controllers.py
.\ap\api\trace_data\services\csv_export.py
.\ap\api\trace_data\services\data_count.py
.\ap\api\trace_data\services\proc_link.py
.\ap\api\trace_data\services\proc_link_simulation.py
.\ap\api\trace_data\services\regex_infinity.py
.\ap\api\trace_data\services\time_series_chart.py
.\ap\api\trace_data\services\__init__.py
.\ap\categorical_plot\controllers.py
.\ap\categorical_plot\__init__.py
.\ap\categorical_plot\services\__init__.py
.\ap\common\backup_db.py
.\ap\common\check_available_port.py
.\ap\common\check_sum.py
.\ap\common\clean_expired_request.py
.\ap\common\clean_old_data.py
.\ap\common\common_utils.py
.\ap\common\constants.py
.\ap\common\cryptography_utils.py
.\ap\common\disk_usage.py
.\ap\common\logger.py
.\ap\common\memoize.py
.\ap\common\pysize.py
.\ap\common\scheduler.py
.\ap\common\sigificant_digit.py
.\ap\common\ssl.py
.\ap\common\timezone_utils.py
.\ap\common\trace_data_log.py
.\ap\common\yaml_utils.py
.\ap\common\__init__.py
.\ap\common\assets\assets.json
.\ap\common\pydn\dblib\db_common.py
.\ap\common\pydn\dblib\db_proxy.py
.\ap\common\pydn\dblib\mssqlserver.py
.\ap\common\pydn\dblib\mysql.py
.\ap\common\pydn\dblib\oracle.py
.\ap\common\pydn\dblib\postgresql.py
.\ap\common\pydn\dblib\sqlite.py
.\ap\common\pydn\dblib\__init__.py
.\ap\common\services\ana_inf_data.py
.\ap\common\services\api_exceptions.py
.\ap\common\services\csv_content.py
.\ap\common\services\csv_header_wrapr.py
.\ap\common\services\data_type.py
.\ap\common\services\error_message_handler.py
.\ap\common\services\form_env.py
.\ap\common\services\http_content.py
.\ap\common\services\import_export_config_n_data.py
.\ap\common\services\jp_to_romaji_utils.py
.\ap\common\services\normalization.py
.\ap\common\services\notify_listen.py
.\ap\common\services\request_time_out_handler.py
.\ap\common\services\sse.py
.\ap\common\services\statistics.py
.\ap\common\services\__init__.py
.\ap\config\basic_config.yml
.\ap\config\tile_interface_analysis_platform.yml
.\ap\config\tile_interface_dn7.yml
.\ap\config\tile_interface_jump.yml
.\ap\config\tile_interface_search_by_use.yml
.\ap\config\tile_master.yml
.\ap\config\image\AgP.png
.\ap\config\image\barchart.png
.\ap\config\image\calendar.png
.\ap\config\image\CHM.png
.\ap\config\image\circlenodes.png
.\ap\config\image\COG.png
.\ap\config\image\columnchart.png
.\ap\config\image\FPP.png
.\ap\config\image\GL.png
.\ap\config\image\linechart.png
.\ap\config\image\manyvariables.png
.\ap\config\image\MSP.png
.\ap\config\image\network.png
.\ap\config\image\PCA.png
.\ap\config\image\PCP.png
.\ap\config\image\RLP.png
.\ap\config\image\ScP.png
.\ap\config\image\search.png
.\ap\config\image\SkD.png
.\ap\config\image\StP.png
.\ap\co_occurrence\controllers.py
.\ap\co_occurrence\__init__.py
.\ap\co_occurrence\services\utils.py
.\ap\co_occurrence\services\__init__.py
.\ap\heatmap\controllers.py
.\ap\heatmap\__init__.py
.\ap\heatmap\services\utils.py
.\ap\heatmap\services\__init__.py
.\ap\multiple_scatter_plot\controllers.py
.\ap\multiple_scatter_plot\__init__.py
.\ap\multiple_scatter_plot\services\__init__.py
.\ap\parallel_plot\controllers.py
.\ap\parallel_plot\__init__.py
.\ap\parallel_plot\services\__init__.py
.\ap\ridgeline_plot\controllers.py
.\ap\ridgeline_plot\__init__.py
.\ap\ridgeline_plot\services\__init__.py
.\ap\sankey_plot\controllers.py
.\ap\sankey_plot\__init__.py
.\ap\sankey_plot\services\utils.py
.\ap\sankey_plot\services\__init__.py
.\ap\scatter_plot\controllers.py
.\ap\scatter_plot\__init__.py
.\ap\scatter_plot\services\__init__.py
.\ap\script\call_r_process.py
.\ap\script\check_r_portable.py
.\ap\script\convert_user_setting.py
.\ap\script\disable_terminal_close_button.py
.\ap\script\disable_terminal_quickedit.py
.\ap\script\generate_db_secret_key.py
.\ap\script\hide_exe_root_folder.py
.\ap\script\migrate_cfg_data_source_csv.py
.\ap\script\migrate_csv_datatype.py
.\ap\script\migrate_csv_dummy_datetime.py
.\ap\script\migrate_csv_save_graph_settings.py
.\ap\script\migrate_process_file_name_column.py
.\ap\script\dummy_data\dummy_sql.py
.\ap\script\hot_fix\fix_db_issues.py
.\ap\script\r_scripts\analytics.r
.\ap\script\r_scripts\common.r
.\ap\script\r_scripts\DataDescribe.R
.\ap\script\r_scripts\py2r.py
.\ap\script\r_scripts\wrapr\wrapr_utils.py
.\ap\script\r_scripts\wrapr\conf\pipeline_config.yml
.\ap\script\r_scripts\wrapr\func\pipeline\emd.R
.\ap\script\slack\send_build_result.py
.\ap\setting_module\controllers.py
.\ap\setting_module\forms.py
.\ap\setting_module\models.py
.\ap\setting_module\schemas.py
.\ap\setting_module\__init__.py
.\ap\setting_module\services\about.py
.\ap\setting_module\services\background_process.py
.\ap\setting_module\services\process_config.py
.\ap\setting_module\services\register_from_file.py
.\ap\setting_module\services\trace_config.py
.\ap\static\aggregate_plot\css\aggregate_plot.css
.\ap\static\aggregate_plot\js\aggregate_plot.js
.\ap\static\aggregate_plot\js\aggregation_chart.js
.\ap\static\analyze\css\anomaly_detection.css
.\ap\static\analyze\css\graphical_lasso.css
.\ap\static\analyze\css\toastr.css
.\ap\static\analyze\js\generateJson.js
.\ap\static\analyze\js\graphical_lasso.js
.\ap\static\analyze\js\graphical_lasso_sigma.js
.\ap\static\analyze\js\hotelling_biplot.js
.\ap\static\analyze\js\hotelling_common.js
.\ap\static\analyze\js\hotelling_q_contribution.js
.\ap\static\analyze\js\hotelling_scatters.js
.\ap\static\analyze\js\hotelling_t2_contribution.js
.\ap\static\analyze\js\hotelling_timeseries.js
.\ap\static\analyze\js\pca.js
.\ap\static\analyze\js\pca_toastr.js
.\ap\static\categorical_plot\css\categorical_plot.css
.\ap\static\categorical_plot\css\toastr.css
.\ap\static\categorical_plot\img\scatter_plot.png
.\ap\static\categorical_plot\js\categorical_histogram_with_density_curve.js
.\ap\static\categorical_plot\js\categorical_plot.js
.\ap\static\categorical_plot\js\categorical_plot_utils.js
.\ap\static\common\css\all.min.css
.\ap\static\common\css\bootstrap-select.min.css
.\ap\static\common\css\bootstrap-table.min.css
.\ap\static\common\css\bootstrap-theme.css
.\ap\static\common\css\bootstrap-theme.css.map
.\ap\static\common\css\bootstrap-theme.min.css
.\ap\static\common\css\bootstrap-theme.min.css.map
.\ap\static\common\css\bootstrap.css
.\ap\static\common\css\bootstrap.css.map
.\ap\static\common\css\bootstrap.min.css
.\ap\static\common\css\bootstrap.min.css.map
.\ap\static\common\css\components.css
.\ap\static\common\css\data-finder.css
.\ap\static\common\css\dataTables.bootstrap4.min.css
.\ap\static\common\css\dragndrop.css
.\ap\static\common\css\fSelect.css
.\ap\static\common\css\graph_nav.css
.\ap\static\common\css\jexcel.css
.\ap\static\common\css\jquery-ui.css
.\ap\static\common\css\jquery.jexcel.min.css
.\ap\static\common\css\jsuites.css
.\ap\static\common\css\jump_function.css
.\ap\static\common\css\main.css
.\ap\static\common\css\pagination.css
.\ap\static\common\css\select2.min.css
.\ap\static\common\css\shepherd.css
.\ap\static\common\css\toastr.css
.\ap\static\common\css\user-setting-table.css
.\ap\static\common\custom-jquery\jquery-ui.css
.\ap\static\common\custom-jquery\jquery-ui.js
.\ap\static\common\custom-jquery\images\ui-icons_cc0000_256x240.png
.\ap\static\common\custom-jquery\images\ui-icons_ffffff_256x240.png
.\ap\static\common\icons\AgP.ico
.\ap\static\common\icons\AP+DN7.ico
.\ap\static\common\icons\CHM.ico
.\ap\static\common\icons\COG.ico
.\ap\static\common\icons\Config.ico
.\ap\static\common\icons\favicon.ico
.\ap\static\common\icons\Filter.ico
.\ap\static\common\icons\FPP.ico
.\ap\static\common\icons\GrL.ico
.\ap\static\common\icons\Job.ico
.\ap\static\common\icons\Master.ico
.\ap\static\common\icons\MSP.ico
.\ap\static\common\icons\PCA.ico
.\ap\static\common\icons\PCP.ico
.\ap\static\common\icons\RLP.ico
.\ap\static\common\icons\ScP.ico
.\ap\static\common\icons\SkD.ico
.\ap\static\common\icons\StP.ico
.\ap\static\common\icons\TSP.ico
.\ap\static\common\icons\TView.ico
.\ap\static\common\images\custom-filter.png
.\ap\static\common\images\logo.png
.\ap\static\common\js\ap_tour.js
.\ap\static\common\js\auto-update-common.js
.\ap\static\common\js\base.js
.\ap\static\common\js\cat_facet_label_filter_modal.js
.\ap\static\common\js\clipboard_utils.js
.\ap\static\common\js\column_ordering.js
.\ap\static\common\js\components.js
.\ap\static\common\js\config_data_interface.js
.\ap\static\common\js\data-finder.js
.\ap\static\common\js\database-config.js
.\ap\static\common\js\data_point_info_table.js
.\ap\static\common\js\datetime_label_format.js
.\ap\static\common\js\divide_by_calendar.js
.\ap\static\common\js\dn-custom-select.js
.\ap\static\common\js\graph_nav.js
.\ap\static\common\js\jump_function.js
.\ap\static\common\js\modern_screenshot.js
.\ap\static\common\js\save_load_user_input.js
.\ap\static\common\js\summary_table.js
.\ap\static\common\js\take_screenshot.js
.\ap\static\common\js\terms_of_use.js
.\ap\static\common\js\utils.js
.\ap\static\common\js\validation.js
.\ap\static\common\js\libs\all.min.js
.\ap\static\common\js\libs\bootstrap-select.min.js
.\ap\static\common\js\libs\bootstrap-table-filter-control.min.js
.\ap\static\common\js\libs\bootstrap-table-locale-all.min.js
.\ap\static\common\js\libs\bootstrap-table.min.js
.\ap\static\common\js\libs\bootstrap.js
.\ap\static\common\js\libs\bootstrap.min.js
.\ap\static\common\js\libs\Chart.bundle.min.js
.\ap\static\common\js\libs\Chart.min.js
.\ap\static\common\js\libs\chartjs-adapter-moment.min.js
.\ap\static\common\js\libs\chartjs-plugin-annotation-latest.min.js
.\ap\static\common\js\libs\clipboard.min.js
.\ap\static\common\js\libs\d3-format.js
.\ap\static\common\js\libs\dataTables.bootstrap4.min.js
.\ap\static\common\js\libs\dataTables.fixedHeader.min.js
.\ap\static\common\js\libs\datepicker.js
.\ap\static\common\js\libs\dom-text.js
.\ap\static\common\js\libs\dragndrop.js
.\ap\static\common\js\libs\fSelect.js
.\ap\static\common\js\libs\gtag.js
.\ap\static\common\js\libs\html2canvas.min.js
.\ap\static\common\js\libs\jexcel.js
.\ap\static\common\js\libs\jquery-ui.js
.\ap\static\common\js\libs\jquery-ui.min.js
.\ap\static\common\js\libs\jquery.dataTables.min.js
.\ap\static\common\js\libs\jquery.floatThead.js
.\ap\static\common\js\libs\jquery.jexcel.min.js
.\ap\static\common\js\libs\jquery.js
.\ap\static\common\js\libs\jquery.min.js
.\ap\static\common\js\libs\jquery.ui.datepicker-ja.min.js
.\ap\static\common\js\libs\jquery.ui.datepicker-vi.min.js
.\ap\static\common\js\libs\js.cookie.min.js
.\ap\static\common\js\libs\jsuites.js
.\ap\static\common\js\libs\loadingoverlay.min.js
.\ap\static\common\js\libs\lodash.min.js
.\ap\static\common\js\libs\moment-with-locales.js
.\ap\static\common\js\libs\pagination.min.js
.\ap\static\common\js\libs\plotly.min.js
.\ap\static\common\js\libs\popper.min.js
.\ap\static\common\js\libs\resizable.js
.\ap\static\common\js\libs\select2.min.js
.\ap\static\common\js\libs\shepherd.min.js
.\ap\static\common\js\libs\sigma.min.js
.\ap\static\common\js\libs\sigma.plugins.dragNodes.min.js
.\ap\static\common\js\libs\sigma.renderers.edgeLabels.min.js
.\ap\static\common\js\libs\sizeof.compressed.js
.\ap\static\common\js\libs\socket.io.js
.\ap\static\common\js\libs\toastr.min.js
.\ap\static\common\webfonts\backward-solid.svg
.\ap\static\common\webfonts\fa-brands-400.eot
.\ap\static\common\webfonts\fa-brands-400.svg
.\ap\static\common\webfonts\fa-brands-400.ttf
.\ap\static\common\webfonts\fa-brands-400.woff
.\ap\static\common\webfonts\fa-brands-400.woff2
.\ap\static\common\webfonts\fa-regular-400.eot
.\ap\static\common\webfonts\fa-regular-400.svg
.\ap\static\common\webfonts\fa-regular-400.ttf
.\ap\static\common\webfonts\fa-regular-400.woff
.\ap\static\common\webfonts\fa-regular-400.woff2
.\ap\static\common\webfonts\fa-solid-900.eot
.\ap\static\common\webfonts\fa-solid-900.svg
.\ap\static\common\webfonts\fa-solid-900.ttf
.\ap\static\common\webfonts\fa-solid-900.woff
.\ap\static\common\webfonts\fa-solid-900.woff2
.\ap\static\common\webfonts\forward-solid.svg
.\ap\static\common\webfonts\play-solid.svg
.\ap\static\common\webfonts\step-backward-solid.svg
.\ap\static\common\webfonts\step-forward-solid.svg
.\ap\static\co_occurrence\css\co_occurrence.css
.\ap\static\co_occurrence\css\co_occurrence_csv.css
.\ap\static\co_occurrence\js\co_occurrence_csv.js
.\ap\static\co_occurrence\js\pareto_plot.js
.\ap\static\heatmap\css\heat_map.css
.\ap\static\heatmap\js\heatmap.js
.\ap\static\heatmap\js\heatmap_plotly.js
.\ap\static\modules\date-range-picker\daterangepicker-utils.js
.\ap\static\modules\date-range-picker\daterangepicker.css
.\ap\static\modules\date-range-picker\daterangepicker.js
.\ap\static\modules\date-range-picker\daterangepicker.min.js
.\ap\static\modules\jquery-ui-timepicker-addon\index.html
.\ap\static\modules\jquery-ui-timepicker-addon\jquery-ui-timepicker-addon.css
.\ap\static\modules\jquery-ui-timepicker-addon\jquery-ui-timepicker-addon.js
.\ap\static\modules\jquery-ui-timepicker-addon\jquery-ui-timepicker-addon.min.css
.\ap\static\modules\jquery-ui-timepicker-addon\jquery-ui-timepicker-addon.min.js
.\ap\static\modules\jquery-ui-timepicker-addon\i18n\jquery-ui-timepicker-addon-i18n.js
.\ap\static\modules\jquery-ui-timepicker-addon\i18n\jquery-ui-timepicker-addon-i18n.min.js
.\ap\static\modules\jquery-ui-timepicker-addon\i18n\jquery-ui-timepicker-ja.js
.\ap\static\modules\js-cookie\js.cookie.min.js
.\ap\static\modules\js-datatables\images\favicon.ico
.\ap\static\modules\js-datatables\images\Sorting icons.psd
.\ap\static\modules\js-datatables\images\sort_asc.png
.\ap\static\modules\js-datatables\images\sort_asc_disabled.png
.\ap\static\modules\js-datatables\images\sort_both.png
.\ap\static\modules\js-datatables\images\sort_desc.png
.\ap\static\modules\js-datatables\images\sort_desc_disabled.png
.\ap\static\modules\js-datatables\lib\jquery.dataTables.min.css
.\ap\static\modules\js-datatables\lib\jquery.dataTables.min.js
.\ap\static\modules\popper\umd\popper-utils.js
.\ap\static\modules\popper\umd\popper-utils.js.map
.\ap\static\modules\popper\umd\popper-utils.min.js
.\ap\static\modules\popper\umd\popper-utils.min.js.map
.\ap\static\modules\popper\umd\popper.js
.\ap\static\modules\popper\umd\popper.js.map
.\ap\static\modules\popper\umd\popper.min.js
.\ap\static\modules\popper\umd\popper.min.js.map
.\ap\static\modules\popper\umd\poppper.js.flow
.\ap\static\modules\sigmajs\conrad.js
.\ap\static\modules\sigmajs\sigma.core.js
.\ap\static\modules\sigmajs\sigma.export.js
.\ap\static\modules\sigmajs\sigma.settings.js
.\ap\static\modules\sigmajs\build\sigma.min.js
.\ap\static\modules\sigmajs\build\sigma.require.js
.\ap\static\modules\sigmajs\build\plugins\sigma.exporters.svg.min.js
.\ap\static\modules\sigmajs\build\plugins\sigma.layout.forceAtlas2.min.js
.\ap\static\modules\sigmajs\build\plugins\sigma.layout.noverlap.min.js
.\ap\static\modules\sigmajs\build\plugins\sigma.neo4j.cypher.min.js
.\ap\static\modules\sigmajs\build\plugins\sigma.parsers.gexf.min.js
.\ap\static\modules\sigmajs\build\plugins\sigma.parsers.json.min.js
.\ap\static\modules\sigmajs\build\plugins\sigma.pathfinding.astar.min.js
.\ap\static\modules\sigmajs\build\plugins\sigma.plugins.animate.min.js
.\ap\static\modules\sigmajs\build\plugins\sigma.plugins.dragNodes.min.js
.\ap\static\modules\sigmajs\build\plugins\sigma.plugins.filter.min.js
.\ap\static\modules\sigmajs\build\plugins\sigma.plugins.neighborhoods.min.js
.\ap\static\modules\sigmajs\build\plugins\sigma.plugins.relativeSize.min.js
.\ap\static\modules\sigmajs\build\plugins\sigma.renderers.customEdgeShapes.min.js
.\ap\static\modules\sigmajs\build\plugins\sigma.renderers.customShapes.min.js
.\ap\static\modules\sigmajs\build\plugins\sigma.renderers.edgeDots.min.js
.\ap\static\modules\sigmajs\build\plugins\sigma.renderers.edgeLabels.min.js
.\ap\static\modules\sigmajs\build\plugins\sigma.renderers.parallelEdges.min.js
.\ap\static\modules\sigmajs\build\plugins\sigma.renderers.snapshot.min.js
.\ap\static\modules\sigmajs\build\plugins\sigma.statistics.HITS.min.js
.\ap\static\modules\sigmajs\captors\sigma.captors.mouse.js
.\ap\static\modules\sigmajs\captors\sigma.captors.touch.js
.\ap\static\modules\sigmajs\classes\sigma.classes.camera.js
.\ap\static\modules\sigmajs\classes\sigma.classes.configurable.js
.\ap\static\modules\sigmajs\classes\sigma.classes.dispatcher.js
.\ap\static\modules\sigmajs\classes\sigma.classes.edgequad.js
.\ap\static\modules\sigmajs\classes\sigma.classes.graph.js
.\ap\static\modules\sigmajs\classes\sigma.classes.quad.js
.\ap\static\modules\sigmajs\middlewares\sigma.middlewares.copy.js
.\ap\static\modules\sigmajs\middlewares\sigma.middlewares.rescale.js
.\ap\static\modules\sigmajs\misc\sigma.misc.animation.js
.\ap\static\modules\sigmajs\misc\sigma.misc.bindDOMEvents.js
.\ap\static\modules\sigmajs\misc\sigma.misc.bindEvents.js
.\ap\static\modules\sigmajs\misc\sigma.misc.drawHovers.js
.\ap\static\modules\sigmajs\plugins\sigma.plugins.animate\sigma.plugins.animate.js
.\ap\static\modules\sigmajs\renderers\sigma.renderers.canvas.js
.\ap\static\modules\sigmajs\renderers\sigma.renderers.def.js
.\ap\static\modules\sigmajs\renderers\sigma.renderers.svg.js
.\ap\static\modules\sigmajs\renderers\sigma.renderers.webgl.js
.\ap\static\modules\sigmajs\renderers\canvas\sigma.canvas.edgehovers.arrow.js
.\ap\static\modules\sigmajs\renderers\canvas\sigma.canvas.edgehovers.curve.js
.\ap\static\modules\sigmajs\renderers\canvas\sigma.canvas.edgehovers.curvedArrow.js
.\ap\static\modules\sigmajs\renderers\canvas\sigma.canvas.edgehovers.def.js
.\ap\static\modules\sigmajs\renderers\canvas\sigma.canvas.edges.arrow.js
.\ap\static\modules\sigmajs\renderers\canvas\sigma.canvas.edges.curve.js
.\ap\static\modules\sigmajs\renderers\canvas\sigma.canvas.edges.curvedArrow.js
.\ap\static\modules\sigmajs\renderers\canvas\sigma.canvas.edges.def.js
.\ap\static\modules\sigmajs\renderers\canvas\sigma.canvas.extremities.def.js
.\ap\static\modules\sigmajs\renderers\canvas\sigma.canvas.hovers.def.js
.\ap\static\modules\sigmajs\renderers\canvas\sigma.canvas.labels.def.js
.\ap\static\modules\sigmajs\renderers\canvas\sigma.canvas.nodes.def.js
.\ap\static\modules\sigmajs\renderers\svg\sigma.svg.edges.curve.js
.\ap\static\modules\sigmajs\renderers\svg\sigma.svg.edges.def.js
.\ap\static\modules\sigmajs\renderers\svg\sigma.svg.hovers.def.js
.\ap\static\modules\sigmajs\renderers\svg\sigma.svg.labels.def.js
.\ap\static\modules\sigmajs\renderers\svg\sigma.svg.nodes.def.js
.\ap\static\modules\sigmajs\renderers\svg\sigma.svg.utils.js
.\ap\static\modules\sigmajs\renderers\webgl\sigma.webgl.edges.arrow.js
.\ap\static\modules\sigmajs\renderers\webgl\sigma.webgl.edges.def.js
.\ap\static\modules\sigmajs\renderers\webgl\sigma.webgl.edges.fast.js
.\ap\static\modules\sigmajs\renderers\webgl\sigma.webgl.edges.thickLine.js
.\ap\static\modules\sigmajs\renderers\webgl\sigma.webgl.edges.thickLineCPU.js
.\ap\static\modules\sigmajs\renderers\webgl\sigma.webgl.edges.thickLineGPU.js
.\ap\static\modules\sigmajs\renderers\webgl\sigma.webgl.nodes.def.js
.\ap\static\modules\sigmajs\renderers\webgl\sigma.webgl.nodes.fast.js
.\ap\static\modules\sigmajs\utils\sigma.polyfills.js
.\ap\static\modules\sigmajs\utils\sigma.utils.js
.\ap\static\modules\vis\vis-network.min.css
.\ap\static\modules\vis\vis-network.min.js
.\ap\static\modules\vis\img\network\acceptDeleteIcon.png
.\ap\static\modules\vis\img\network\addNodeIcon.png
.\ap\static\modules\vis\img\network\backIcon.png
.\ap\static\modules\vis\img\network\connectIcon.png
.\ap\static\modules\vis\img\network\cross.png
.\ap\static\modules\vis\img\network\cross2.png
.\ap\static\modules\vis\img\network\deleteIcon.png
.\ap\static\modules\vis\img\network\downArrow.png
.\ap\static\modules\vis\img\network\editIcon.png
.\ap\static\modules\vis\img\network\leftArrow.png
.\ap\static\modules\vis\img\network\minus.png
.\ap\static\modules\vis\img\network\plus.png
.\ap\static\modules\vis\img\network\rightArrow.png
.\ap\static\modules\vis\img\network\upArrow.png
.\ap\static\modules\vis\img\network\zoomExtends.png
.\ap\static\multiple_scatter_plot\css\multiple_scatter_plot.css
.\ap\static\multiple_scatter_plot\js\heatmap_plot.js
.\ap\static\multiple_scatter_plot\js\multiple_scatter_contour.js
.\ap\static\multiple_scatter_plot\js\multiple_scatter_histogram.js
.\ap\static\multiple_scatter_plot\js\multiple_scatter_plot.js
.\ap\static\parallel_plot\css\parallel_plot.css
.\ap\static\parallel_plot\js\parallel_plot.js
.\ap\static\parallel_plot\js\parallel_properties.js
.\ap\static\parallel_plot\js\parallel_utils.js
.\ap\static\plot_view\css\plot_view.css
.\ap\static\plot_view\js\plot_view.js
.\ap\static\ridgeline_plot\css\ridgeline.css
.\ap\static\ridgeline_plot\js\ridgeline_plot.js
.\ap\static\ridgeline_plot\js\ridgeline_plot_utils.js
.\ap\static\ridgeline_plot\js\rlp_template.js
.\ap\static\sankey_plot\css\sankey_plot.css
.\ap\static\sankey_plot\js\sankey_plot.js
.\ap\static\sankey_plot\js\sankey_scp.js
.\ap\static\scatter_plot\css\scatter_plot.css
.\ap\static\scatter_plot\js\hist_with_density.js
.\ap\static\scatter_plot\js\scatter_chart.js
.\ap\static\scatter_plot\js\scatter_plot.js
.\ap\static\scatter_plot\js\scp_heatmap_plot.js
.\ap\static\scatter_plot\js\scp_violin_plot.js
.\ap\static\setting_module\css\background_process.css
.\ap\static\setting_module\css\config_view.css
.\ap\static\setting_module\css\filter_visualization.css
.\ap\static\setting_module\css\index.css
.\ap\static\setting_module\css\master_cfg.css
.\ap\static\setting_module\css\master_config.css
.\ap\static\setting_module\css\proc_config_modal.css
.\ap\static\setting_module\css\register_from_file.css
.\ap\static\setting_module\css\setting_view.css
.\ap\static\setting_module\css\top_view.css
.\ap\static\setting_module\css\trace_config.css
.\ap\static\setting_module\css\img\network\acceptDeleteIcon.png
.\ap\static\setting_module\css\img\network\addNodeIcon.png
.\ap\static\setting_module\css\img\network\backIcon.png
.\ap\static\setting_module\css\img\network\connectIcon.png
.\ap\static\setting_module\css\img\network\cross.png
.\ap\static\setting_module\css\img\network\cross2.png
.\ap\static\setting_module\css\img\network\deleteIcon.png
.\ap\static\setting_module\css\img\network\downArrow.png
.\ap\static\setting_module\css\img\network\editIcon.png
.\ap\static\setting_module\css\img\network\leftArrow.png
.\ap\static\setting_module\css\img\network\minus.png
.\ap\static\setting_module\css\img\network\plus.png
.\ap\static\setting_module\css\img\network\rightArrow.png
.\ap\static\setting_module\css\img\network\upArrow.png
.\ap\static\setting_module\css\img\network\zoomExtends.png
.\ap\static\setting_module\js\auto_link.js
.\ap\static\setting_module\js\background_process.js
.\ap\static\setting_module\js\cfg_filter_funcs.js
.\ap\static\setting_module\js\cfg_filter_main.js
.\ap\static\setting_module\js\config_view.js
.\ap\static\setting_module\js\db_config.js
.\ap\static\setting_module\js\graph_visualization.js
.\ap\static\setting_module\js\master_config.js
.\ap\static\setting_module\js\npm.js
.\ap\static\setting_module\js\predict_data_type.js
.\ap\static\setting_module\js\proc_config.js
.\ap\static\setting_module\js\proc_config_modals.js
.\ap\static\setting_module\js\register_from_file.js
.\ap\static\setting_module\js\trace_config.js
.\ap\static\table_viewer\css\table_viewer.css
.\ap\static\table_viewer\js\table_viewer.js
.\ap\static\table_viewer\lang\English.json
.\ap\static\table_viewer\lang\Japanese.json
.\ap\static\tile_interface\css\tile_interface.css
.\ap\static\tile_interface\js\tile_interface.js
.\ap\static\trace_data\css\trace_data.css
.\ap\static\trace_data\js\trace_data.js
.\ap\static\trace_data\js\trace_data_categorical_table.js
.\ap\static\trace_data\js\trace_data_cross_hair.js
.\ap\static\trace_data\js\trace_data_histogram.js
.\ap\static\trace_data\js\trace_data_histogram_with_kde.js
.\ap\static\trace_data\js\trace_data_scatter_plot.js
.\ap\static\trace_data\js\trace_data_step_bar_chart.js
.\ap\static\trace_data\js\trace_data_summary_table.js
.\ap\static\trace_data\js\trace_data_time_series.js
.\ap\static\trace_data\js\trace_data_whisker_plot.js
.\ap\table_viewer\controllers.py
.\ap\table_viewer\__init__.py
.\ap\templates\404.html
.\ap\templates\500.html
.\ap\templates\base.html
.\ap\templates\footer.html
.\ap\templates\graph_nav.html
.\ap\templates\header.html
.\ap\templates\i18n.html
.\ap\templates\jump.html
.\ap\templates\macros.html
.\ap\templates\messages.html
.\ap\templates\modal.html
.\ap\templates\none.html
.\ap\templates\sidebar.html
.\ap\templates\aggregate_plot\aggregate_plot.html
.\ap\templates\analyze\graphical_lasso.html
.\ap\templates\analyze\hotelling_tsquare.html
.\ap\templates\categorical_plot\categorical_plot.html
.\ap\templates\co_occurrence\co_occurrence_csv.html
.\ap\templates\heatmap\heatmap.html
.\ap\templates\multiple_scatter_plot\multiple_scatter_plot.html
.\ap\templates\parallel_plot\parallel_plot.html
.\ap\templates\plot_view\plot_view.html
.\ap\templates\ridgeline_plot\ridgeline_plot.html
.\ap\templates\sankey_plot\sankey_plot.html
.\ap\templates\scatter_plot\scatter_plot.html
.\ap\templates\setting_module\about.html
.\ap\templates\setting_module\background_job.html
.\ap\templates\setting_module\config.html
.\ap\templates\setting_module\db_config.html
.\ap\templates\setting_module\db_config_modals.html
.\ap\templates\setting_module\failed_jobs.html
.\ap\templates\setting_module\filter_config.html
.\ap\templates\setting_module\filter_config_modals.html
.\ap\templates\setting_module\master_cfg.html
.\ap\templates\setting_module\master_config_modals.html
.\ap\templates\setting_module\proc_config.html
.\ap\templates\setting_module\proc_config_modals.html
.\ap\templates\setting_module\register_by_file.html
.\ap\templates\setting_module\terms_of_use.html
.\ap\templates\setting_module\trace_config.html
.\ap\templates\setting_module\_filter_line.html
.\ap\templates\setting_module\_filter_machine.html
.\ap\templates\setting_module\_filter_others.html
.\ap\templates\setting_module\_filter_partno.html
.\ap\templates\table_viewer\index.html
.\ap\templates\tile_interface\tile_dashboard.html
.\ap\templates\tile_interface\tile_search_by_use.html
.\ap\templates\trace_data\trace_data.html
.\ap\tile_interface\controllers.py
.\ap\tile_interface\__init__.py
.\ap\tile_interface\services\utils.py
.\ap\tile_interface\services\__init__.py
.\ap\trace_data\controllers.py
.\ap\trace_data\database_index.py
.\ap\trace_data\schemas.py
.\ap\trace_data\transaction_model.py
.\ap\trace_data\__init__.py
.\ap\trace_data\services\__init__.py
.\ap\translations\ar\LC_MESSAGES\messages.mo
.\ap\translations\ar\LC_MESSAGES\messages.po
.\ap\translations\bg\LC_MESSAGES\messages.mo
.\ap\translations\bg\LC_MESSAGES\messages.po
.\ap\translations\ca\LC_MESSAGES\messages.mo
.\ap\translations\ca\LC_MESSAGES\messages.po
.\ap\translations\cs\LC_MESSAGES\messages.mo
.\ap\translations\cs\LC_MESSAGES\messages.po
.\ap\translations\cy\LC_MESSAGES\messages.mo
.\ap\translations\cy\LC_MESSAGES\messages.po
.\ap\translations\da\LC_MESSAGES\messages.mo
.\ap\translations\da\LC_MESSAGES\messages.po
.\ap\translations\de\LC_MESSAGES\messages.mo
.\ap\translations\de\LC_MESSAGES\messages.po
.\ap\translations\el\LC_MESSAGES\messages.mo
.\ap\translations\el\LC_MESSAGES\messages.po
.\ap\translations\en\LC_MESSAGES\messages.mo
.\ap\translations\en\LC_MESSAGES\messages.po
.\ap\translations\es\LC_MESSAGES\messages.mo
.\ap\translations\es\LC_MESSAGES\messages.po
.\ap\translations\fa\LC_MESSAGES\messages.mo
.\ap\translations\fa\LC_MESSAGES\messages.po
.\ap\translations\fi\LC_MESSAGES\messages.mo
.\ap\translations\fi\LC_MESSAGES\messages.po
.\ap\translations\fr\LC_MESSAGES\messages.mo
.\ap\translations\fr\LC_MESSAGES\messages.po
.\ap\translations\gd\LC_MESSAGES\messages.mo
.\ap\translations\gd\LC_MESSAGES\messages.po
.\ap\translations\he\LC_MESSAGES\messages.mo
.\ap\translations\he\LC_MESSAGES\messages.po
.\ap\translations\hi\LC_MESSAGES\messages.mo
.\ap\translations\hi\LC_MESSAGES\messages.po
.\ap\translations\hr\LC_MESSAGES\messages.mo
.\ap\translations\hr\LC_MESSAGES\messages.po
.\ap\translations\hu\LC_MESSAGES\messages.mo
.\ap\translations\hu\LC_MESSAGES\messages.po
.\ap\translations\id\LC_MESSAGES\messages.mo
.\ap\translations\id\LC_MESSAGES\messages.po
.\ap\translations\is\LC_MESSAGES\messages.mo
.\ap\translations\is\LC_MESSAGES\messages.po
.\ap\translations\it\LC_MESSAGES\messages.mo
.\ap\translations\it\LC_MESSAGES\messages.po
.\ap\translations\ja\LC_MESSAGES\messages.mo
.\ap\translations\ja\LC_MESSAGES\messages.po
.\ap\translations\jv\LC_MESSAGES\messages.mo
.\ap\translations\jv\LC_MESSAGES\messages.po
.\ap\translations\km\LC_MESSAGES\messages.mo
.\ap\translations\km\LC_MESSAGES\messages.po
.\ap\translations\ko\LC_MESSAGES\messages.mo
.\ap\translations\ko\LC_MESSAGES\messages.po
.\ap\translations\lb\LC_MESSAGES\messages.mo
.\ap\translations\lb\LC_MESSAGES\messages.po
.\ap\translations\mi\LC_MESSAGES\messages.mo
.\ap\translations\mi\LC_MESSAGES\messages.po
.\ap\translations\mk\LC_MESSAGES\messages.mo
.\ap\translations\mk\LC_MESSAGES\messages.po
.\ap\translations\mn\LC_MESSAGES\messages.mo
.\ap\translations\mn\LC_MESSAGES\messages.po
.\ap\translations\ms\LC_MESSAGES\messages.mo
.\ap\translations\ms\LC_MESSAGES\messages.po
.\ap\translations\my\LC_MESSAGES\messages.mo
.\ap\translations\my\LC_MESSAGES\messages.po
.\ap\translations\ne\LC_MESSAGES\messages.mo
.\ap\translations\ne\LC_MESSAGES\messages.po
.\ap\translations\nl\LC_MESSAGES\messages.mo
.\ap\translations\nl\LC_MESSAGES\messages.po
.\ap\translations\no\LC_MESSAGES\messages.mo
.\ap\translations\no\LC_MESSAGES\messages.po
.\ap\translations\pa\LC_MESSAGES\messages.mo
.\ap\translations\pa\LC_MESSAGES\messages.po
.\ap\translations\pl\LC_MESSAGES\messages.mo
.\ap\translations\pl\LC_MESSAGES\messages.po
.\ap\translations\pt\LC_MESSAGES\messages.mo
.\ap\translations\pt\LC_MESSAGES\messages.po
.\ap\translations\ro\LC_MESSAGES\messages.mo
.\ap\translations\ro\LC_MESSAGES\messages.po
.\ap\translations\ru\LC_MESSAGES\messages.mo
.\ap\translations\ru\LC_MESSAGES\messages.po
.\ap\translations\sd\LC_MESSAGES\messages.mo
.\ap\translations\sd\LC_MESSAGES\messages.po
.\ap\translations\si\LC_MESSAGES\messages.mo
.\ap\translations\si\LC_MESSAGES\messages.po
.\ap\translations\sk\LC_MESSAGES\messages.mo
.\ap\translations\sk\LC_MESSAGES\messages.po
.\ap\translations\sq\LC_MESSAGES\messages.mo
.\ap\translations\sq\LC_MESSAGES\messages.po
.\ap\translations\sv\LC_MESSAGES\messages.mo
.\ap\translations\sv\LC_MESSAGES\messages.po
.\ap\translations\te\LC_MESSAGES\messages.mo
.\ap\translations\te\LC_MESSAGES\messages.po
.\ap\translations\th\LC_MESSAGES\messages.mo
.\ap\translations\th\LC_MESSAGES\messages.po
.\ap\translations\tl\LC_MESSAGES\messages.mo
.\ap\translations\tl\LC_MESSAGES\messages.po
.\ap\translations\tr\LC_MESSAGES\messages.mo
.\ap\translations\tr\LC_MESSAGES\messages.po
.\ap\translations\vi\LC_MESSAGES\messages.mo
.\ap\translations\vi\LC_MESSAGES\messages.po
.\ap\translations\zh_Hans_CN\LC_MESSAGES\messages.mo
.\ap\translations\zh_Hans_CN\LC_MESSAGES\messages.po
.\ap\translations\zh_Hant_TW\LC_MESSAGES\messages.mo
.\ap\translations\zh_Hant_TW\LC_MESSAGES\messages.po
.\init\app.sqlite3
.\lang\message.pot
.\requirements\common.txt
.\requirements\oss_dev.txt
.\requirements\oss_prod.txt
.\sample_data\AgP_sample_data\AgP_sample.tsv
.\sample_data\assembly\1_parts_feed\20220228.tsv
.\sample_data\assembly\2_inspection\20220228.tsv
.\sample_data\COG_sample_data\alarm_daily.tsv
.\sample_data\COG_sample_data\alarm_every_15minutes.tsv
.\sample_data\parts_processing\1_machine_parameter_a\20220311.tsv
.\sample_data\parts_processing\2_machine_parameter_b\20220311.tsv
.\sample_data\parts_processing\3_finishing\20220311.tsv
.\start\start.py
.\start\start.spec
.\start\static\img\logo.png
.\start\templates\error.html
.\start\templates\start.html
